<?xml version="1.0" encoding="UTF-8"?>
<testsuite xmlns:xsi="http://www.w3.org/2001/XMLSchema-instance" xsi:noNamespaceSchemaLocation="https://maven.apache.org/surefire/maven-surefire-plugin/xsd/surefire-test-report.xsd" name="com.example.demo.UserControllerTest" time="0.307" tests="3" errors="0" skipped="0" failures="0">
  <properties>
[...]
</properties>
  <testcase name="findById" classname="com.example.demo.UserControllerTest" time="0.301"/>
  <testcase name="findByUserName" classname="com.example.demo.UserControllerTest" time="0.001"/>
  <testcase name="createUser" classname="com.example.demo.UserControllerTest" time="0.003"/>
</testsuite>